<?xml version="1.0" encoding="UTF-8"?>
<!-- Generated by org.testng.reporters.JUnitXMLReporter -->
<testsuite ignored="0" hostname="DESKTOP-OIGE0TE" failures="0" tests="5" name="login" time="14.642" errors="0" timestamp="2019-11-07T17:25:04 IST">
  <testcase classname="tests.LoginPageTest" name="launchingBrowser" time="8.885"/>
  <testcase classname="tests.LoginPageTest" name="validateLogo" time="0.124"/>
  <testcase classname="tests.LoginPageTest" name="validateTitle" time="0.01"/>
  <testcase classname="tests.LoginPageTest" name="login" time="5.411"/>
  <testcase classname="tests.LoginPageTest" name="validateLogin" time="0.011"/>
</testsuite> <!-- login -->
