<?xml version="1.0" encoding="UTF-8"?>
<!-- Generated by org.testng.reporters.JUnitXMLReporter -->
<testsuite ignored="0" hostname="DESKTOP-OIGE0TE" failures="0" tests="3" name="login" time="14.988" errors="0" timestamp="2019-11-06T02:40:02 IST">
  <testcase classname="tests.LoginPageTest" name="validateLogo" time="0.101"/>
  <testcase classname="tests.LoginPageTest" name="validateTitle" time="0.022"/>
  <testcase classname="tests.LoginPageTest" name="login" time="5.46"/>
</testsuite> <!-- login -->
